<?xml version="1.0" encoding="UTF-8"?>
<!-- Generated by org.testng.reporters.JUnitReportReporter -->
<testsuite skipped="0" hostname="DESKTOP-7IJ20C2" name="demo.demo.H" tests="2" failures="0" timestamp="14 Feb 2018 08:15:18 GMT" time="0.024" errors="0">
  <testcase name="Test2" time="0.020" classname="demo.demo.H"/>
  <testcase name="Test3" time="0.004" classname="demo.demo.H"/>
</testsuite> <!-- demo.demo.H -->
