<?xml version="1.0" encoding="UTF-8"?>
<!-- Generated by org.testng.reporters.JUnitReportReporter -->
<testsuite skipped="0" hostname="DESKTOP-7IJ20C2" name="demo.demo.I" tests="1" failures="0" timestamp="14 Feb 2018 08:15:18 GMT" time="0.002" errors="0">
  <testcase name="Test4" time="0.002" classname="demo.demo.I"/>
</testsuite> <!-- demo.demo.I -->
